mode: set
github.com/Daviddlh1/bookings/cmd/web/routes.go:12.49,43.2 18 1
github.com/Daviddlh1/bookings/cmd/web/main.go:23.13,25.16 2 0
github.com/Daviddlh1/bookings/cmd/web/main.go:29.2,36.16 4 0
github.com/Daviddlh1/bookings/cmd/web/main.go:25.16,27.3 1 0
github.com/Daviddlh1/bookings/cmd/web/main.go:39.18,59.16 10 1
github.com/Daviddlh1/bookings/cmd/web/main.go:65.2,75.12 6 1
github.com/Daviddlh1/bookings/cmd/web/main.go:59.16,62.3 2 0
github.com/Daviddlh1/bookings/cmd/web/middleware.go:10.53,11.72 1 0
github.com/Daviddlh1/bookings/cmd/web/middleware.go:11.72,14.3 2 0
github.com/Daviddlh1/bookings/cmd/web/middleware.go:18.45,28.2 3 1
github.com/Daviddlh1/bookings/cmd/web/middleware.go:31.50,33.2 1 1
